d:\hack\imgui directx 9 kiero hook 2\debug\vc143.pdb
d:\hack\imgui directx 9 kiero hook 2\debug\vc143.idb
d:\hack\imgui directx 9 kiero hook 2\debug\main.obj
d:\hack\imgui directx 9 kiero hook 2\debug\kiero.obj
d:\hack\imgui directx 9 kiero hook 2\debug\imgui_widgets.obj
d:\hack\imgui directx 9 kiero hook 2\debug\imgui_impl_win32.obj
d:\hack\imgui directx 9 kiero hook 2\debug\imgui_impl_dx9.obj
d:\hack\imgui directx 9 kiero hook 2\debug\imgui_draw.obj
d:\hack\imgui directx 9 kiero hook 2\debug\imgui_demo.obj
d:\hack\imgui directx 9 kiero hook 2\debug\imgui.obj
d:\hack\imgui directx 9 kiero hook 2\debug\localplayer.obj
d:\hack\imgui directx 9 kiero hook 2\debug\gameengine.obj
d:\hack\imgui directx 9 kiero hook 2\debug\bunnyhop.obj
d:\hack\imgui directx 9 kiero hook 2\debug\wallhack.obj
d:\hack\imgui directx 9 kiero hook 2\debug\triggerbot.obj
d:\hack\imgui directx 9 kiero hook 2\debug\vc142.pdb
d:\hack\imgui directx 9 kiero hook 2\debug\vc142.idb
d:\hack\imgui directx 9 kiero hook 2\debug\entity.obj
d:\hack\imgui directx 9 kiero hook 2\debug\rcs.obj
d:\hack\imgui directx 9 kiero hook 2\debug\worldtoscreen.obj
d:\hack\imgui directx 9 kiero hook 2\debug\aimbot.obj
d:\hack\imgui directx 9 kiero hook 2\debug\calcangle.obj
d:\hack\imgui directx 9 kiero hook 2\debug\thirdperson.obj
d:\hack\imgui directx 9 kiero hook 2\debug\noflash.obj
d:\hack\imgui directx 9 kiero hook 2\debug\trampoline.obj
d:\hack\imgui directx 9 kiero hook 2\debug\hook.obj
d:\hack\imgui directx 9 kiero hook 2\debug\hde64.obj
d:\hack\imgui directx 9 kiero hook 2\debug\hde32.obj
d:\hack\imgui directx 9 kiero hook 2\debug\buffer.obj
d:\hack\debug\prikolyas.dll
d:\hack\debug\prikolyas.pdb
d:\hack\imgui directx 9 kiero hook 2\debug\minhook.res
d:\hack\imgui directx 9 kiero hook 2\debug\test.obj
d:\hack\imgui directx 9 kiero hook 2\debug\prikolyas.tlog\cl.command.1.tlog
d:\hack\imgui directx 9 kiero hook 2\debug\prikolyas.tlog\cl.read.1.tlog
d:\hack\imgui directx 9 kiero hook 2\debug\prikolyas.tlog\cl.write.1.tlog
d:\hack\imgui directx 9 kiero hook 2\debug\prikolyas.tlog\link.command.1.tlog
d:\hack\imgui directx 9 kiero hook 2\debug\prikolyas.tlog\link.read.1.tlog
d:\hack\imgui directx 9 kiero hook 2\debug\prikolyas.tlog\link.write.1.tlog
d:\hack\imgui directx 9 kiero hook 2\debug\prikolyas.tlog\rc.command.1.tlog
d:\hack\imgui directx 9 kiero hook 2\debug\prikolyas.tlog\rc.read.1.tlog
d:\hack\imgui directx 9 kiero hook 2\debug\prikolyas.tlog\rc.write.1.tlog
